mode: set
github.com/khajamoddin/collections/examples/iter/iter_example.go:9.13,15.25 5 0
github.com/khajamoddin/collections/examples/iter/iter_example.go:15.25,17.3 1 0
github.com/khajamoddin/collections/examples/iter/iter_example.go:18.2,25.25 6 0
github.com/khajamoddin/collections/examples/iter/iter_example.go:25.25,27.3 1 0
github.com/khajamoddin/collections/examples/iter/iter_example.go:28.2,35.29 6 0
github.com/khajamoddin/collections/examples/iter/iter_example.go:35.29,37.3 1 0
github.com/khajamoddin/collections/examples/iter/iter_example.go:38.2,45.29 6 0
github.com/khajamoddin/collections/examples/iter/iter_example.go:45.29,47.3 1 0
github.com/khajamoddin/collections/examples/iter/iter_example.go:48.2,48.15 1 0
github.com/khajamoddin/collections/examples/set/main.go:8.13,13.2 4 0
github.com/khajamoddin/collections/examples/deque/main.go:8.13,14.2 5 0
github.com/khajamoddin/collections/collections/deque.go:11.34,13.2 1 1
github.com/khajamoddin/collections/collections/deque.go:16.58,17.18 1 1
github.com/khajamoddin/collections/collections/deque.go:17.18,19.3 1 0
github.com/khajamoddin/collections/collections/deque.go:20.2,20.44 1 1
github.com/khajamoddin/collections/collections/deque.go:23.30,24.14 1 1
github.com/khajamoddin/collections/collections/deque.go:24.14,26.3 1 0
github.com/khajamoddin/collections/collections/deque.go:27.2,27.15 1 1
github.com/khajamoddin/collections/collections/deque.go:30.28,31.14 1 1
github.com/khajamoddin/collections/collections/deque.go:31.14,33.3 1 0
github.com/khajamoddin/collections/collections/deque.go:34.2,36.12 3 1
github.com/khajamoddin/collections/collections/deque.go:39.34,40.14 1 1
github.com/khajamoddin/collections/collections/deque.go:40.14,42.3 1 0
github.com/khajamoddin/collections/collections/deque.go:43.2,46.10 4 1
github.com/khajamoddin/collections/collections/deque.go:49.35,50.14 1 1
github.com/khajamoddin/collections/collections/deque.go:50.14,52.3 1 0
github.com/khajamoddin/collections/collections/deque.go:53.2,56.10 4 1
github.com/khajamoddin/collections/collections/deque.go:59.42,61.29 2 1
github.com/khajamoddin/collections/collections/deque.go:61.29,63.3 1 1
github.com/khajamoddin/collections/collections/deque.go:64.2,64.28 1 1
github.com/khajamoddin/collections/collections/deque.go:67.41,69.29 2 1
github.com/khajamoddin/collections/collections/deque.go:69.29,71.3 1 1
github.com/khajamoddin/collections/collections/deque.go:72.2,73.25 2 0
github.com/khajamoddin/collections/collections/deque.go:76.41,78.29 2 1
github.com/khajamoddin/collections/collections/deque.go:78.29,80.3 1 1
github.com/khajamoddin/collections/collections/deque.go:81.2,84.16 4 1
github.com/khajamoddin/collections/collections/deque.go:87.40,89.29 2 1
github.com/khajamoddin/collections/collections/deque.go:89.29,91.3 1 1
github.com/khajamoddin/collections/collections/deque.go:92.2,95.16 4 1
github.com/khajamoddin/collections/collections/deque.go:99.38,100.34 1 1
github.com/khajamoddin/collections/collections/deque.go:100.34,101.30 1 1
github.com/khajamoddin/collections/collections/deque.go:101.30,103.4 1 0
github.com/khajamoddin/collections/collections/deque.go:104.3,104.31 1 1
github.com/khajamoddin/collections/collections/deque.go:104.31,106.26 2 1
github.com/khajamoddin/collections/collections/deque.go:106.26,108.5 1 0
github.com/khajamoddin/collections/collections/deque.go:114.43,115.34 1 0
github.com/khajamoddin/collections/collections/deque.go:115.34,116.30 1 0
github.com/khajamoddin/collections/collections/deque.go:116.30,118.4 1 0
github.com/khajamoddin/collections/collections/deque.go:119.3,119.36 1 0
github.com/khajamoddin/collections/collections/deque.go:119.36,121.26 2 0
github.com/khajamoddin/collections/collections/deque.go:121.26,123.5 1 0
github.com/khajamoddin/collections/collections/deque.go:128.45,129.24 1 1
github.com/khajamoddin/collections/collections/deque.go:129.24,131.3 1 1
github.com/khajamoddin/collections/collections/deque.go:132.2,133.17 2 1
github.com/khajamoddin/collections/collections/deque.go:133.17,135.3 1 1
github.com/khajamoddin/collections/collections/deque.go:136.2,136.20 1 1
github.com/khajamoddin/collections/collections/deque.go:136.20,138.3 1 1
github.com/khajamoddin/collections/collections/deque.go:139.2,140.16 2 1
github.com/khajamoddin/collections/collections/deque.go:140.16,141.34 1 1
github.com/khajamoddin/collections/collections/deque.go:141.34,143.4 1 1
github.com/khajamoddin/collections/collections/deque.go:143.9,147.4 3 1
github.com/khajamoddin/collections/collections/deque.go:149.2,150.12 2 1
github.com/khajamoddin/collections/collections/multimap.go:10.64,12.2 1 1
github.com/khajamoddin/collections/collections/multimap.go:14.36,15.15 1 1
github.com/khajamoddin/collections/collections/multimap.go:15.15,17.3 1 0
github.com/khajamoddin/collections/collections/multimap.go:18.2,18.17 1 1
github.com/khajamoddin/collections/collections/multimap.go:18.17,20.3 1 1
github.com/khajamoddin/collections/collections/multimap.go:24.41,25.15 1 1
github.com/khajamoddin/collections/collections/multimap.go:25.15,27.3 1 0
github.com/khajamoddin/collections/collections/multimap.go:28.2,30.11 3 1
github.com/khajamoddin/collections/collections/multimap.go:34.49,35.30 1 1
github.com/khajamoddin/collections/collections/multimap.go:35.30,37.3 1 0
github.com/khajamoddin/collections/collections/multimap.go:38.2,39.9 2 1
github.com/khajamoddin/collections/collections/multimap.go:39.9,41.3 1 0
github.com/khajamoddin/collections/collections/multimap.go:42.2,42.29 1 1
github.com/khajamoddin/collections/collections/multimap.go:42.29,43.15 1 1
github.com/khajamoddin/collections/collections/multimap.go:43.15,46.24 3 1
github.com/khajamoddin/collections/collections/multimap.go:46.24,48.5 1 0
github.com/khajamoddin/collections/collections/multimap.go:48.10,50.5 1 1
github.com/khajamoddin/collections/collections/multimap.go:51.4,51.15 1 1
github.com/khajamoddin/collections/collections/multimap.go:54.2,54.14 1 0
github.com/khajamoddin/collections/collections/multimap.go:58.46,59.30 1 1
github.com/khajamoddin/collections/collections/multimap.go:59.30,61.3 1 0
github.com/khajamoddin/collections/collections/multimap.go:62.2,63.9 2 1
github.com/khajamoddin/collections/collections/multimap.go:63.9,65.3 1 0
github.com/khajamoddin/collections/collections/multimap.go:66.2,68.15 3 1
github.com/khajamoddin/collections/collections/multimap.go:72.40,73.30 1 1
github.com/khajamoddin/collections/collections/multimap.go:73.30,75.3 1 0
github.com/khajamoddin/collections/collections/multimap.go:76.2,77.19 2 1
github.com/khajamoddin/collections/collections/multimap.go:77.19,79.3 1 0
github.com/khajamoddin/collections/collections/multimap.go:80.2,80.36 1 1
github.com/khajamoddin/collections/collections/multimap.go:83.41,84.30 1 1
github.com/khajamoddin/collections/collections/multimap.go:84.30,86.3 1 0
github.com/khajamoddin/collections/collections/multimap.go:87.2,88.11 2 1
github.com/khajamoddin/collections/collections/multimap.go:92.38,93.33 1 1
github.com/khajamoddin/collections/collections/multimap.go:93.33,95.3 1 1
github.com/khajamoddin/collections/collections/multimap.go:96.2,97.22 2 1
github.com/khajamoddin/collections/collections/multimap.go:97.22,99.3 1 1
github.com/khajamoddin/collections/collections/multimap.go:100.2,100.13 1 1
github.com/khajamoddin/collections/collections/multimap.go:104.40,105.33 1 1
github.com/khajamoddin/collections/collections/multimap.go:105.33,107.3 1 0
github.com/khajamoddin/collections/collections/multimap.go:108.2,109.26 2 1
github.com/khajamoddin/collections/collections/multimap.go:109.26,111.3 1 1
github.com/khajamoddin/collections/collections/multimap.go:112.2,112.15 1 1
github.com/khajamoddin/collections/collections/multimap.go:116.37,117.15 1 1
github.com/khajamoddin/collections/collections/multimap.go:117.15,119.3 1 0
github.com/khajamoddin/collections/collections/multimap.go:120.2,120.16 1 1
github.com/khajamoddin/collections/collections/multimap.go:124.49,125.37 1 0
github.com/khajamoddin/collections/collections/multimap.go:125.37,126.31 1 0
github.com/khajamoddin/collections/collections/multimap.go:126.31,128.4 1 0
github.com/khajamoddin/collections/collections/multimap.go:129.3,129.31 1 0
github.com/khajamoddin/collections/collections/multimap.go:129.31,130.29 1 0
github.com/khajamoddin/collections/collections/multimap.go:130.29,131.21 1 0
github.com/khajamoddin/collections/collections/multimap.go:131.21,133.6 1 0
github.com/khajamoddin/collections/collections/multimap.go:139.35,140.30 1 1
github.com/khajamoddin/collections/collections/multimap.go:140.30,142.3 1 0
github.com/khajamoddin/collections/collections/multimap.go:143.2,144.13 2 1
github.com/khajamoddin/collections/collections/orderedmap.go:19.61,21.2 1 1
github.com/khajamoddin/collections/collections/orderedmap.go:23.37,24.14 1 1
github.com/khajamoddin/collections/collections/orderedmap.go:24.14,26.3 1 0
github.com/khajamoddin/collections/collections/orderedmap.go:27.2,27.20 1 1
github.com/khajamoddin/collections/collections/orderedmap.go:27.20,29.3 1 1
github.com/khajamoddin/collections/collections/orderedmap.go:33.42,34.14 1 1
github.com/khajamoddin/collections/collections/orderedmap.go:34.14,36.3 1 0
github.com/khajamoddin/collections/collections/orderedmap.go:37.2,38.32 2 1
github.com/khajamoddin/collections/collections/orderedmap.go:38.32,41.3 2 1
github.com/khajamoddin/collections/collections/orderedmap.go:42.2,43.19 2 1
github.com/khajamoddin/collections/collections/orderedmap.go:43.19,46.3 2 1
github.com/khajamoddin/collections/collections/orderedmap.go:46.8,50.3 3 1
github.com/khajamoddin/collections/collections/orderedmap.go:51.2,52.12 2 1
github.com/khajamoddin/collections/collections/orderedmap.go:55.47,57.32 2 1
github.com/khajamoddin/collections/collections/orderedmap.go:57.32,59.3 1 0
github.com/khajamoddin/collections/collections/orderedmap.go:60.2,61.9 2 1
github.com/khajamoddin/collections/collections/orderedmap.go:61.9,63.3 1 1
github.com/khajamoddin/collections/collections/orderedmap.go:64.2,64.25 1 1
github.com/khajamoddin/collections/collections/orderedmap.go:67.42,68.32 1 1
github.com/khajamoddin/collections/collections/orderedmap.go:68.32,70.3 1 0
github.com/khajamoddin/collections/collections/orderedmap.go:71.2,72.11 2 1
github.com/khajamoddin/collections/collections/orderedmap.go:76.45,77.32 1 1
github.com/khajamoddin/collections/collections/orderedmap.go:77.32,79.3 1 0
github.com/khajamoddin/collections/collections/orderedmap.go:80.2,81.9 2 1
github.com/khajamoddin/collections/collections/orderedmap.go:81.9,83.3 1 0
github.com/khajamoddin/collections/collections/orderedmap.go:84.2,84.22 1 1
github.com/khajamoddin/collections/collections/orderedmap.go:84.22,86.3 1 1
github.com/khajamoddin/collections/collections/orderedmap.go:86.8,88.3 1 1
github.com/khajamoddin/collections/collections/orderedmap.go:89.2,89.22 1 1
github.com/khajamoddin/collections/collections/orderedmap.go:89.22,91.3 1 1
github.com/khajamoddin/collections/collections/orderedmap.go:91.8,93.3 1 1
github.com/khajamoddin/collections/collections/orderedmap.go:94.2,96.13 3 1
github.com/khajamoddin/collections/collections/orderedmap.go:99.39,100.31 1 1
github.com/khajamoddin/collections/collections/orderedmap.go:100.31,102.3 1 1
github.com/khajamoddin/collections/collections/orderedmap.go:103.2,104.40 2 1
github.com/khajamoddin/collections/collections/orderedmap.go:104.40,106.3 1 1
github.com/khajamoddin/collections/collections/orderedmap.go:107.2,107.13 1 1
github.com/khajamoddin/collections/collections/orderedmap.go:110.41,111.31 1 1
github.com/khajamoddin/collections/collections/orderedmap.go:111.31,113.3 1 0
github.com/khajamoddin/collections/collections/orderedmap.go:114.2,115.40 2 1
github.com/khajamoddin/collections/collections/orderedmap.go:115.40,117.3 1 1
github.com/khajamoddin/collections/collections/orderedmap.go:118.2,118.15 1 1
github.com/khajamoddin/collections/collections/orderedmap.go:122.54,123.14 1 1
github.com/khajamoddin/collections/collections/orderedmap.go:123.14,125.3 1 0
github.com/khajamoddin/collections/collections/orderedmap.go:126.2,126.40 1 1
github.com/khajamoddin/collections/collections/orderedmap.go:126.40,127.26 1 1
github.com/khajamoddin/collections/collections/orderedmap.go:127.26,129.4 1 1
github.com/khajamoddin/collections/collections/orderedmap.go:134.61,135.14 1 1
github.com/khajamoddin/collections/collections/orderedmap.go:135.14,137.3 1 0
github.com/khajamoddin/collections/collections/orderedmap.go:138.2,138.40 1 1
github.com/khajamoddin/collections/collections/orderedmap.go:138.40,139.26 1 1
github.com/khajamoddin/collections/collections/orderedmap.go:139.26,141.4 1 0
github.com/khajamoddin/collections/collections/orderedmap.go:146.50,147.37 1 0
github.com/khajamoddin/collections/collections/orderedmap.go:147.37,148.15 1 0
github.com/khajamoddin/collections/collections/orderedmap.go:148.15,150.4 1 0
github.com/khajamoddin/collections/collections/orderedmap.go:151.3,151.41 1 0
github.com/khajamoddin/collections/collections/orderedmap.go:151.41,152.30 1 0
github.com/khajamoddin/collections/collections/orderedmap.go:152.30,154.5 1 0
github.com/khajamoddin/collections/collections/orderedmap.go:160.55,161.37 1 0
github.com/khajamoddin/collections/collections/orderedmap.go:161.37,162.15 1 0
github.com/khajamoddin/collections/collections/orderedmap.go:162.15,164.4 1 0
github.com/khajamoddin/collections/collections/orderedmap.go:165.3,165.41 1 0
github.com/khajamoddin/collections/collections/orderedmap.go:165.41,166.30 1 0
github.com/khajamoddin/collections/collections/orderedmap.go:166.30,168.5 1 0
github.com/khajamoddin/collections/collections/orderedmap.go:173.38,174.14 1 1
github.com/khajamoddin/collections/collections/orderedmap.go:174.14,176.3 1 0
github.com/khajamoddin/collections/collections/orderedmap.go:177.2,177.17 1 1
github.com/khajamoddin/collections/collections/orderedmap.go:180.36,181.32 1 1
github.com/khajamoddin/collections/collections/orderedmap.go:181.32,183.3 1 0
github.com/khajamoddin/collections/collections/orderedmap.go:184.2,187.14 4 1
github.com/khajamoddin/collections/collections/priorityqueue.go:17.41,17.63 1 1
github.com/khajamoddin/collections/collections/priorityqueue.go:18.41,18.80 1 1
github.com/khajamoddin/collections/collections/priorityqueue.go:19.41,19.88 1 1
github.com/khajamoddin/collections/collections/priorityqueue.go:20.41,20.75 1 1
github.com/khajamoddin/collections/collections/priorityqueue.go:21.31,26.2 4 1
github.com/khajamoddin/collections/collections/priorityqueue.go:28.70,32.2 3 1
github.com/khajamoddin/collections/collections/priorityqueue.go:34.38,35.28 1 1
github.com/khajamoddin/collections/collections/priorityqueue.go:35.28,37.3 1 0
github.com/khajamoddin/collections/collections/priorityqueue.go:38.2,38.18 1 1
github.com/khajamoddin/collections/collections/priorityqueue.go:43.46,44.34 1 0
github.com/khajamoddin/collections/collections/priorityqueue.go:44.34,45.29 1 0
github.com/khajamoddin/collections/collections/priorityqueue.go:45.29,47.4 1 0
github.com/khajamoddin/collections/collections/priorityqueue.go:48.3,48.30 1 0
github.com/khajamoddin/collections/collections/priorityqueue.go:48.30,49.17 1 0
github.com/khajamoddin/collections/collections/priorityqueue.go:49.17,51.5 1 0
github.com/khajamoddin/collections/collections/priorityqueue.go:56.38,58.2 1 1
github.com/khajamoddin/collections/collections/priorityqueue.go:60.44,62.20 2 1
github.com/khajamoddin/collections/collections/priorityqueue.go:62.20,64.3 1 1
github.com/khajamoddin/collections/collections/priorityqueue.go:65.2,65.32 1 1
github.com/khajamoddin/collections/collections/priorityqueue.go:68.45,70.20 2 1
github.com/khajamoddin/collections/collections/priorityqueue.go:70.20,72.3 1 0
github.com/khajamoddin/collections/collections/priorityqueue.go:73.2,73.26 1 1
github.com/khajamoddin/collections/collections/priorityqueue.go:76.36,78.2 1 0
github.com/khajamoddin/collections/collections/set.go:9.37,11.2 1 1
github.com/khajamoddin/collections/collections/set.go:15.61,16.18 1 1
github.com/khajamoddin/collections/collections/set.go:16.18,18.3 1 0
github.com/khajamoddin/collections/collections/set.go:19.2,19.51 1 1
github.com/khajamoddin/collections/collections/set.go:22.27,23.14 1 1
github.com/khajamoddin/collections/collections/set.go:23.14,25.3 1 0
github.com/khajamoddin/collections/collections/set.go:26.2,26.16 1 1
github.com/khajamoddin/collections/collections/set.go:26.16,28.3 1 0
github.com/khajamoddin/collections/collections/set.go:31.27,32.14 1 1
github.com/khajamoddin/collections/collections/set.go:32.14,34.3 1 1
github.com/khajamoddin/collections/collections/set.go:35.2,36.21 2 1
github.com/khajamoddin/collections/collections/set.go:39.30,40.28 1 1
github.com/khajamoddin/collections/collections/set.go:40.28,42.3 1 0
github.com/khajamoddin/collections/collections/set.go:43.2,43.16 1 1
github.com/khajamoddin/collections/collections/set.go:46.32,47.28 1 1
github.com/khajamoddin/collections/collections/set.go:47.28,49.3 1 1
github.com/khajamoddin/collections/collections/set.go:50.2,51.11 2 1
github.com/khajamoddin/collections/collections/set.go:54.28,55.28 1 1
github.com/khajamoddin/collections/collections/set.go:55.28,57.3 1 1
github.com/khajamoddin/collections/collections/set.go:58.2,58.17 1 1
github.com/khajamoddin/collections/collections/set.go:61.26,62.28 1 1
github.com/khajamoddin/collections/collections/set.go:62.28,64.3 1 0
github.com/khajamoddin/collections/collections/set.go:65.2,65.28 1 1
github.com/khajamoddin/collections/collections/set.go:69.36,70.34 1 0
github.com/khajamoddin/collections/collections/set.go:70.34,71.29 1 0
github.com/khajamoddin/collections/collections/set.go:71.29,73.4 1 0
github.com/khajamoddin/collections/collections/set.go:74.3,74.22 1 0
github.com/khajamoddin/collections/collections/set.go:74.22,75.17 1 0
github.com/khajamoddin/collections/collections/set.go:75.17,77.5 1 0
github.com/khajamoddin/collections/collections/set.go:82.31,83.28 1 1
github.com/khajamoddin/collections/collections/set.go:83.28,85.3 1 0
github.com/khajamoddin/collections/collections/set.go:86.2,87.21 2 1
github.com/khajamoddin/collections/collections/set.go:87.21,89.3 1 1
github.com/khajamoddin/collections/collections/set.go:90.2,90.12 1 1
github.com/khajamoddin/collections/collections/set.go:94.34,95.28 1 1
github.com/khajamoddin/collections/collections/set.go:95.28,97.3 1 1
github.com/khajamoddin/collections/collections/set.go:98.2,99.21 2 1
github.com/khajamoddin/collections/collections/set.go:99.21,101.3 1 1
github.com/khajamoddin/collections/collections/set.go:102.2,102.12 1 1
github.com/khajamoddin/collections/collections/set.go:105.47,106.28 1 1
github.com/khajamoddin/collections/collections/set.go:106.28,108.3 1 0
github.com/khajamoddin/collections/collections/set.go:109.2,110.18 2 1
github.com/khajamoddin/collections/collections/set.go:110.18,112.3 1 1
github.com/khajamoddin/collections/collections/set.go:113.2,114.21 2 1
github.com/khajamoddin/collections/collections/set.go:114.21,116.3 1 1
github.com/khajamoddin/collections/collections/set.go:117.2,117.18 1 1
github.com/khajamoddin/collections/collections/set.go:117.18,118.26 1 1
github.com/khajamoddin/collections/collections/set.go:118.26,120.4 1 1
github.com/khajamoddin/collections/collections/set.go:122.2,122.12 1 1
github.com/khajamoddin/collections/collections/set.go:125.54,127.30 2 1
github.com/khajamoddin/collections/collections/set.go:127.30,129.3 1 0
github.com/khajamoddin/collections/collections/set.go:130.2,130.27 1 1
github.com/khajamoddin/collections/collections/set.go:130.27,132.3 1 1
github.com/khajamoddin/collections/collections/set.go:133.2,133.21 1 1
github.com/khajamoddin/collections/collections/set.go:133.21,134.30 1 1
github.com/khajamoddin/collections/collections/set.go:134.30,136.4 1 1
github.com/khajamoddin/collections/collections/set.go:138.2,138.12 1 1
github.com/khajamoddin/collections/collections/set.go:141.52,143.14 2 1
github.com/khajamoddin/collections/collections/set.go:143.14,145.3 1 0
github.com/khajamoddin/collections/collections/set.go:146.2,146.21 1 1
github.com/khajamoddin/collections/collections/set.go:146.21,147.19 1 1
github.com/khajamoddin/collections/collections/set.go:147.19,149.12 2 0
github.com/khajamoddin/collections/collections/set.go:151.3,151.31 1 1
github.com/khajamoddin/collections/collections/set.go:151.31,153.4 1 1
github.com/khajamoddin/collections/collections/set.go:155.2,155.12 1 1
github.com/khajamoddin/collections/collections/set.go:158.61,160.14 2 1
github.com/khajamoddin/collections/collections/set.go:160.14,161.22 1 1
github.com/khajamoddin/collections/collections/set.go:161.22,162.20 1 1
github.com/khajamoddin/collections/collections/set.go:162.20,164.13 2 0
github.com/khajamoddin/collections/collections/set.go:166.4,166.32 1 1
github.com/khajamoddin/collections/collections/set.go:166.32,168.5 1 1
github.com/khajamoddin/collections/collections/set.go:171.2,171.18 1 1
github.com/khajamoddin/collections/collections/set.go:171.18,172.26 1 1
github.com/khajamoddin/collections/collections/set.go:172.26,173.16 1 1
github.com/khajamoddin/collections/collections/set.go:173.16,175.13 2 0
github.com/khajamoddin/collections/collections/set.go:177.4,177.28 1 1
github.com/khajamoddin/collections/collections/set.go:177.28,179.5 1 1
github.com/khajamoddin/collections/collections/set.go:182.2,182.12 1 1
github.com/khajamoddin/collections/collections/set.go:185.47,186.14 1 1
github.com/khajamoddin/collections/collections/set.go:186.14,188.3 1 0
github.com/khajamoddin/collections/collections/set.go:189.2,189.33 1 1
github.com/khajamoddin/collections/collections/set.go:189.33,191.3 1 0
github.com/khajamoddin/collections/collections/set.go:192.2,192.21 1 1
github.com/khajamoddin/collections/collections/set.go:192.21,193.31 1 1
github.com/khajamoddin/collections/collections/set.go:193.31,195.4 1 0
github.com/khajamoddin/collections/collections/set.go:197.2,197.13 1 1
github.com/khajamoddin/collections/collections/set.go:200.49,202.2 1 1
github.com/khajamoddin/collections/collections/set.go:204.49,205.30 1 1
github.com/khajamoddin/collections/collections/set.go:205.30,207.3 1 0
github.com/khajamoddin/collections/collections/set.go:208.2,208.27 1 1
github.com/khajamoddin/collections/collections/set.go:208.27,210.3 1 1
github.com/khajamoddin/collections/collections/set.go:211.2,211.21 1 1
github.com/khajamoddin/collections/collections/set.go:211.21,212.30 1 1
github.com/khajamoddin/collections/collections/set.go:212.30,214.4 1 0
github.com/khajamoddin/collections/collections/set.go:216.2,216.13 1 1
